<?xml version="1.0" encoding="UTF-8"?>
<testsuite xmlns:xsi="http://www.w3.org/2001/XMLSchema-instance" xsi:noNamespaceSchemaLocation="https://maven.apache.org/surefire/maven-surefire-plugin/xsd/surefire-test-report.xsd" name="com.example.demo.InventarioAppApplicationTests" time="0.178" tests="1" errors="1" skipped="0" failures="0">
  <properties>
    <property name="java.specification.version" value="18"/>
    <property name="sun.jnu.encoding" value="UTF-8"/>
    <property name="java.class.path" value="/Users/josea.cardenasm./NetBeansProjects/inventarioApp/target/test-classes:/Users/josea.cardenasm./NetBeansProjects/inventarioApp/target/classes:/Users/josea.cardenasm./.m2/repository/org/springframework/boot/spring-boot-starter-data-jdbc/2.7.3/spring-boot-starter-data-jdbc-2.7.3.jar:/Users/josea.cardenasm./.m2/repository/org/springframework/boot/spring-boot-starter-jdbc/2.7.3/spring-boot-starter-jdbc-2.7.3.jar:/Users/josea.cardenasm./.m2/repository/com/zaxxer/HikariCP/4.0.3/HikariCP-4.0.3.jar:/Users/josea.cardenasm./.m2/repository/org/springframework/spring-jdbc/5.3.22/spring-jdbc-5.3.22.jar:/Users/josea.cardenasm./.m2/repository/org/springframework/data/spring-data-jdbc/2.4.2/spring-data-jdbc-2.4.2.jar:/Users/josea.cardenasm./.m2/repository/org/springframework/data/spring-data-relational/2.4.2/spring-data-relational-2.4.2.jar:/Users/josea.cardenasm./.m2/repository/org/springframework/data/spring-data-commons/2.7.2/spring-data-commons-2.7.2.jar:/Users/josea.cardenasm./.m2/repository/org/springframework/spring-tx/5.3.22/spring-tx-5.3.22.jar:/Users/josea.cardenasm./.m2/repository/org/springframework/spring-context/5.3.22/spring-context-5.3.22.jar:/Users/josea.cardenasm./.m2/repository/org/springframework/spring-aop/5.3.22/spring-aop-5.3.22.jar:/Users/josea.cardenasm./.m2/repository/org/springframework/spring-expression/5.3.22/spring-expression-5.3.22.jar:/Users/josea.cardenasm./.m2/repository/org/springframework/spring-beans/5.3.22/spring-beans-5.3.22.jar:/Users/josea.cardenasm./.m2/repository/org/slf4j/slf4j-api/1.7.36/slf4j-api-1.7.36.jar:/Users/josea.cardenasm./.m2/repository/org/springframework/boot/spring-boot-devtools/2.7.3/spring-boot-devtools-2.7.3.jar:/Users/josea.cardenasm./.m2/repository/org/springframework/boot/spring-boot/2.7.3/spring-boot-2.7.3.jar:/Users/josea.cardenasm./.m2/repository/org/springframework/boot/spring-boot-autoconfigure/2.7.3/spring-boot-autoconfigure-2.7.3.jar:/Users/josea.cardenasm./.m2/repository/mysql/mysql-connector-java/8.0.30/mysql-connector-java-8.0.30.jar:/Users/josea.cardenasm./.m2/repository/org/springframework/boot/spring-boot-starter-test/2.7.3/spring-boot-starter-test-2.7.3.jar:/Users/josea.cardenasm./.m2/repository/org/springframework/boot/spring-boot-starter/2.7.3/spring-boot-starter-2.7.3.jar:/Users/josea.cardenasm./.m2/repository/org/springframework/boot/spring-boot-starter-logging/2.7.3/spring-boot-starter-logging-2.7.3.jar:/Users/josea.cardenasm./.m2/repository/ch/qos/logback/logback-classic/1.2.11/logback-classic-1.2.11.jar:/Users/josea.cardenasm./.m2/repository/ch/qos/logback/logback-core/1.2.11/logback-core-1.2.11.jar:/Users/josea.cardenasm./.m2/repository/org/apache/logging/log4j/log4j-to-slf4j/2.17.2/log4j-to-slf4j-2.17.2.jar:/Users/josea.cardenasm./.m2/repository/org/apache/logging/log4j/log4j-api/2.17.2/log4j-api-2.17.2.jar:/Users/josea.cardenasm./.m2/repository/org/slf4j/jul-to-slf4j/1.7.36/jul-to-slf4j-1.7.36.jar:/Users/josea.cardenasm./.m2/repository/jakarta/annotation/jakarta.annotation-api/1.3.5/jakarta.annotation-api-1.3.5.jar:/Users/josea.cardenasm./.m2/repository/org/yaml/snakeyaml/1.30/snakeyaml-1.30.jar:/Users/josea.cardenasm./.m2/repository/org/springframework/boot/spring-boot-test/2.7.3/spring-boot-test-2.7.3.jar:/Users/josea.cardenasm./.m2/repository/org/springframework/boot/spring-boot-test-autoconfigure/2.7.3/spring-boot-test-autoconfigure-2.7.3.jar:/Users/josea.cardenasm./.m2/repository/com/jayway/jsonpath/json-path/2.7.0/json-path-2.7.0.jar:/Users/josea.cardenasm./.m2/repository/net/minidev/json-smart/2.4.8/json-smart-2.4.8.jar:/Users/josea.cardenasm./.m2/repository/net/minidev/accessors-smart/2.4.8/accessors-smart-2.4.8.jar:/Users/josea.cardenasm./.m2/repository/org/ow2/asm/asm/9.1/asm-9.1.jar:/Users/josea.cardenasm./.m2/repository/jakarta/xml/bind/jakarta.xml.bind-api/2.3.3/jakarta.xml.bind-api-2.3.3.jar:/Users/josea.cardenasm./.m2/repository/jakarta/activation/jakarta.activation-api/1.2.2/jakarta.activation-api-1.2.2.jar:/Users/josea.cardenasm./.m2/repository/org/assertj/assertj-core/3.22.0/assertj-core-3.22.0.jar:/Users/josea.cardenasm./.m2/repository/org/hamcrest/hamcrest/2.2/hamcrest-2.2.jar:/Users/josea.cardenasm./.m2/repository/org/junit/jupiter/junit-jupiter/5.8.2/junit-jupiter-5.8.2.jar:/Users/josea.cardenasm./.m2/repository/org/junit/jupiter/junit-jupiter-api/5.8.2/junit-jupiter-api-5.8.2.jar:/Users/josea.cardenasm./.m2/repository/org/opentest4j/opentest4j/1.2.0/opentest4j-1.2.0.jar:/Users/josea.cardenasm./.m2/repository/org/junit/platform/junit-platform-commons/1.8.2/junit-platform-commons-1.8.2.jar:/Users/josea.cardenasm./.m2/repository/org/apiguardian/apiguardian-api/1.1.2/apiguardian-api-1.1.2.jar:/Users/josea.cardenasm./.m2/repository/org/junit/jupiter/junit-jupiter-params/5.8.2/junit-jupiter-params-5.8.2.jar:/Users/josea.cardenasm./.m2/repository/org/junit/jupiter/junit-jupiter-engine/5.8.2/junit-jupiter-engine-5.8.2.jar:/Users/josea.cardenasm./.m2/repository/org/junit/platform/junit-platform-engine/1.8.2/junit-platform-engine-1.8.2.jar:/Users/josea.cardenasm./.m2/repository/org/mockito/mockito-core/4.5.1/mockito-core-4.5.1.jar:/Users/josea.cardenasm./.m2/repository/net/bytebuddy/byte-buddy/1.12.13/byte-buddy-1.12.13.jar:/Users/josea.cardenasm./.m2/repository/net/bytebuddy/byte-buddy-agent/1.12.13/byte-buddy-agent-1.12.13.jar:/Users/josea.cardenasm./.m2/repository/org/objenesis/objenesis/3.2/objenesis-3.2.jar:/Users/josea.cardenasm./.m2/repository/org/mockito/mockito-junit-jupiter/4.5.1/mockito-junit-jupiter-4.5.1.jar:/Users/josea.cardenasm./.m2/repository/org/skyscreamer/jsonassert/1.5.1/jsonassert-1.5.1.jar:/Users/josea.cardenasm./.m2/repository/com/vaadin/external/google/android-json/0.0.20131108.vaadin1/android-json-0.0.20131108.vaadin1.jar:/Users/josea.cardenasm./.m2/repository/org/springframework/spring-core/5.3.22/spring-core-5.3.22.jar:/Users/josea.cardenasm./.m2/repository/org/springframework/spring-jcl/5.3.22/spring-jcl-5.3.22.jar:/Users/josea.cardenasm./.m2/repository/org/springframework/spring-test/5.3.22/spring-test-5.3.22.jar:/Users/josea.cardenasm./.m2/repository/org/xmlunit/xmlunit-core/2.9.0/xmlunit-core-2.9.0.jar:"/>
    <property name="java.vm.vendor" value="Oracle Corporation"/>
    <property name="sun.arch.data.model" value="64"/>
    <property name="java.vendor.url" value="https://java.oracle.com/"/>
    <property name="os.name" value="Mac OS X"/>
    <property name="java.vm.specification.version" value="18"/>
    <property name="user.country" value="CO"/>
    <property name="sun.java.launcher" value="SUN_STANDARD"/>
    <property name="sun.boot.library.path" value="/Library/Java/JavaVirtualMachines/jdk-18.0.1.1.jdk/Contents/Home/lib"/>
    <property name="sun.java.command" value="/Users/josea.cardenasm./NetBeansProjects/inventarioApp/target/surefire/surefirebooter8769241398162230757.jar /Users/josea.cardenasm./NetBeansProjects/inventarioApp/target/surefire 2022-08-20T15-33-17_809-jvmRun1 surefire11753445444699314227tmp surefire_017857717823915836745tmp"/>
    <property name="http.nonProxyHosts" value="local|*.local|169.254/16|*.169.254/16"/>
    <property name="jdk.debug" value="release"/>
    <property name="surefire.test.class.path" value="/Users/josea.cardenasm./NetBeansProjects/inventarioApp/target/test-classes:/Users/josea.cardenasm./NetBeansProjects/inventarioApp/target/classes:/Users/josea.cardenasm./.m2/repository/org/springframework/boot/spring-boot-starter-data-jdbc/2.7.3/spring-boot-starter-data-jdbc-2.7.3.jar:/Users/josea.cardenasm./.m2/repository/org/springframework/boot/spring-boot-starter-jdbc/2.7.3/spring-boot-starter-jdbc-2.7.3.jar:/Users/josea.cardenasm./.m2/repository/com/zaxxer/HikariCP/4.0.3/HikariCP-4.0.3.jar:/Users/josea.cardenasm./.m2/repository/org/springframework/spring-jdbc/5.3.22/spring-jdbc-5.3.22.jar:/Users/josea.cardenasm./.m2/repository/org/springframework/data/spring-data-jdbc/2.4.2/spring-data-jdbc-2.4.2.jar:/Users/josea.cardenasm./.m2/repository/org/springframework/data/spring-data-relational/2.4.2/spring-data-relational-2.4.2.jar:/Users/josea.cardenasm./.m2/repository/org/springframework/data/spring-data-commons/2.7.2/spring-data-commons-2.7.2.jar:/Users/josea.cardenasm./.m2/repository/org/springframework/spring-tx/5.3.22/spring-tx-5.3.22.jar:/Users/josea.cardenasm./.m2/repository/org/springframework/spring-context/5.3.22/spring-context-5.3.22.jar:/Users/josea.cardenasm./.m2/repository/org/springframework/spring-aop/5.3.22/spring-aop-5.3.22.jar:/Users/josea.cardenasm./.m2/repository/org/springframework/spring-expression/5.3.22/spring-expression-5.3.22.jar:/Users/josea.cardenasm./.m2/repository/org/springframework/spring-beans/5.3.22/spring-beans-5.3.22.jar:/Users/josea.cardenasm./.m2/repository/org/slf4j/slf4j-api/1.7.36/slf4j-api-1.7.36.jar:/Users/josea.cardenasm./.m2/repository/org/springframework/boot/spring-boot-devtools/2.7.3/spring-boot-devtools-2.7.3.jar:/Users/josea.cardenasm./.m2/repository/org/springframework/boot/spring-boot/2.7.3/spring-boot-2.7.3.jar:/Users/josea.cardenasm./.m2/repository/org/springframework/boot/spring-boot-autoconfigure/2.7.3/spring-boot-autoconfigure-2.7.3.jar:/Users/josea.cardenasm./.m2/repository/mysql/mysql-connector-java/8.0.30/mysql-connector-java-8.0.30.jar:/Users/josea.cardenasm./.m2/repository/org/springframework/boot/spring-boot-starter-test/2.7.3/spring-boot-starter-test-2.7.3.jar:/Users/josea.cardenasm./.m2/repository/org/springframework/boot/spring-boot-starter/2.7.3/spring-boot-starter-2.7.3.jar:/Users/josea.cardenasm./.m2/repository/org/springframework/boot/spring-boot-starter-logging/2.7.3/spring-boot-starter-logging-2.7.3.jar:/Users/josea.cardenasm./.m2/repository/ch/qos/logback/logback-classic/1.2.11/logback-classic-1.2.11.jar:/Users/josea.cardenasm./.m2/repository/ch/qos/logback/logback-core/1.2.11/logback-core-1.2.11.jar:/Users/josea.cardenasm./.m2/repository/org/apache/logging/log4j/log4j-to-slf4j/2.17.2/log4j-to-slf4j-2.17.2.jar:/Users/josea.cardenasm./.m2/repository/org/apache/logging/log4j/log4j-api/2.17.2/log4j-api-2.17.2.jar:/Users/josea.cardenasm./.m2/repository/org/slf4j/jul-to-slf4j/1.7.36/jul-to-slf4j-1.7.36.jar:/Users/josea.cardenasm./.m2/repository/jakarta/annotation/jakarta.annotation-api/1.3.5/jakarta.annotation-api-1.3.5.jar:/Users/josea.cardenasm./.m2/repository/org/yaml/snakeyaml/1.30/snakeyaml-1.30.jar:/Users/josea.cardenasm./.m2/repository/org/springframework/boot/spring-boot-test/2.7.3/spring-boot-test-2.7.3.jar:/Users/josea.cardenasm./.m2/repository/org/springframework/boot/spring-boot-test-autoconfigure/2.7.3/spring-boot-test-autoconfigure-2.7.3.jar:/Users/josea.cardenasm./.m2/repository/com/jayway/jsonpath/json-path/2.7.0/json-path-2.7.0.jar:/Users/josea.cardenasm./.m2/repository/net/minidev/json-smart/2.4.8/json-smart-2.4.8.jar:/Users/josea.cardenasm./.m2/repository/net/minidev/accessors-smart/2.4.8/accessors-smart-2.4.8.jar:/Users/josea.cardenasm./.m2/repository/org/ow2/asm/asm/9.1/asm-9.1.jar:/Users/josea.cardenasm./.m2/repository/jakarta/xml/bind/jakarta.xml.bind-api/2.3.3/jakarta.xml.bind-api-2.3.3.jar:/Users/josea.cardenasm./.m2/repository/jakarta/activation/jakarta.activation-api/1.2.2/jakarta.activation-api-1.2.2.jar:/Users/josea.cardenasm./.m2/repository/org/assertj/assertj-core/3.22.0/assertj-core-3.22.0.jar:/Users/josea.cardenasm./.m2/repository/org/hamcrest/hamcrest/2.2/hamcrest-2.2.jar:/Users/josea.cardenasm./.m2/repository/org/junit/jupiter/junit-jupiter/5.8.2/junit-jupiter-5.8.2.jar:/Users/josea.cardenasm./.m2/repository/org/junit/jupiter/junit-jupiter-api/5.8.2/junit-jupiter-api-5.8.2.jar:/Users/josea.cardenasm./.m2/repository/org/opentest4j/opentest4j/1.2.0/opentest4j-1.2.0.jar:/Users/josea.cardenasm./.m2/repository/org/junit/platform/junit-platform-commons/1.8.2/junit-platform-commons-1.8.2.jar:/Users/josea.cardenasm./.m2/repository/org/apiguardian/apiguardian-api/1.1.2/apiguardian-api-1.1.2.jar:/Users/josea.cardenasm./.m2/repository/org/junit/jupiter/junit-jupiter-params/5.8.2/junit-jupiter-params-5.8.2.jar:/Users/josea.cardenasm./.m2/repository/org/junit/jupiter/junit-jupiter-engine/5.8.2/junit-jupiter-engine-5.8.2.jar:/Users/josea.cardenasm./.m2/repository/org/junit/platform/junit-platform-engine/1.8.2/junit-platform-engine-1.8.2.jar:/Users/josea.cardenasm./.m2/repository/org/mockito/mockito-core/4.5.1/mockito-core-4.5.1.jar:/Users/josea.cardenasm./.m2/repository/net/bytebuddy/byte-buddy/1.12.13/byte-buddy-1.12.13.jar:/Users/josea.cardenasm./.m2/repository/net/bytebuddy/byte-buddy-agent/1.12.13/byte-buddy-agent-1.12.13.jar:/Users/josea.cardenasm./.m2/repository/org/objenesis/objenesis/3.2/objenesis-3.2.jar:/Users/josea.cardenasm./.m2/repository/org/mockito/mockito-junit-jupiter/4.5.1/mockito-junit-jupiter-4.5.1.jar:/Users/josea.cardenasm./.m2/repository/org/skyscreamer/jsonassert/1.5.1/jsonassert-1.5.1.jar:/Users/josea.cardenasm./.m2/repository/com/vaadin/external/google/android-json/0.0.20131108.vaadin1/android-json-0.0.20131108.vaadin1.jar:/Users/josea.cardenasm./.m2/repository/org/springframework/spring-core/5.3.22/spring-core-5.3.22.jar:/Users/josea.cardenasm./.m2/repository/org/springframework/spring-jcl/5.3.22/spring-jcl-5.3.22.jar:/Users/josea.cardenasm./.m2/repository/org/springframework/spring-test/5.3.22/spring-test-5.3.22.jar:/Users/josea.cardenasm./.m2/repository/org/xmlunit/xmlunit-core/2.9.0/xmlunit-core-2.9.0.jar:"/>
    <property name="sun.cpu.endian" value="little"/>
    <property name="user.home" value="/Users/josea.cardenasm."/>
    <property name="user.language" value="en"/>
    <property name="java.specification.vendor" value="Oracle Corporation"/>
    <property name="java.version.date" value="2022-04-22"/>
    <property name="java.home" value="/Library/Java/JavaVirtualMachines/jdk-18.0.1.1.jdk/Contents/Home"/>
    <property name="file.separator" value="/"/>
    <property name="basedir" value="/Users/josea.cardenasm./NetBeansProjects/inventarioApp"/>
    <property name="java.vm.compressedOopsMode" value="Zero based"/>
    <property name="line.separator" value="&#10;"/>
    <property name="java.vm.specification.vendor" value="Oracle Corporation"/>
    <property name="java.specification.name" value="Java Platform API Specification"/>
    <property name="apple.awt.application.name" value="ForkedBooter"/>
    <property name="surefire.real.class.path" value="/Users/josea.cardenasm./NetBeansProjects/inventarioApp/target/surefire/surefirebooter8769241398162230757.jar"/>
    <property name="sun.management.compiler" value="HotSpot 64-Bit Tiered Compilers"/>
    <property name="ftp.nonProxyHosts" value="local|*.local|169.254/16|*.169.254/16"/>
    <property name="java.runtime.version" value="18.0.1.1+2-6"/>
    <property name="user.name" value="josea.cardenasm."/>
    <property name="path.separator" value=":"/>
    <property name="os.version" value="12.5.1"/>
    <property name="java.runtime.name" value="Java(TM) SE Runtime Environment"/>
    <property name="file.encoding" value="UTF-8"/>
    <property name="java.vm.name" value="Java HotSpot(TM) 64-Bit Server VM"/>
    <property name="maven.ext.class.path" value="/Applications/NetBeans/Apache NetBeans 12.6.app/Contents/Resources/NetBeans/netbeans/java/maven-nblib/netbeans-eventspy.jar"/>
    <property name="localRepository" value="/Users/josea.cardenasm./.m2/repository"/>
    <property name="java.vendor.url.bug" value="https://bugreport.java.com/bugreport/"/>
    <property name="java.io.tmpdir" value="/var/folders/xz/6tlzc3r93rs93q0dg5472x6c0000gn/T/"/>
    <property name="java.version" value="18.0.1.1"/>
    <property name="user.dir" value="/Users/josea.cardenasm./NetBeansProjects/inventarioApp"/>
    <property name="os.arch" value="x86_64"/>
    <property name="java.vm.specification.name" value="Java Virtual Machine Specification"/>
    <property name="native.encoding" value="UTF-8"/>
    <property name="java.library.path" value="/Users/josea.cardenasm./Library/Java/Extensions:/Library/Java/Extensions:/Network/Library/Java/Extensions:/System/Library/Java/Extensions:/usr/lib/java:."/>
    <property name="java.vm.info" value="mixed mode, sharing"/>
    <property name="java.vendor" value="Oracle Corporation"/>
    <property name="java.vm.version" value="18.0.1.1+2-6"/>
    <property name="sun.io.unicode.encoding" value="UnicodeBig"/>
    <property name="socksNonProxyHosts" value="local|*.local|169.254/16|*.169.254/16"/>
    <property name="java.class.version" value="62.0"/>
  </properties>
  <testcase name="com.example.demo.InventarioAppApplicationTests" classname="com.example.demo.InventarioAppApplicationTests" time="0.177">
    <error message="Unable to find a @SpringBootConfiguration, you need to use @ContextConfiguration or @SpringBootTest(classes=...) with your test" type="java.lang.IllegalStateException">java.lang.IllegalStateException: Unable to find a @SpringBootConfiguration, you need to use @ContextConfiguration or @SpringBootTest(classes=...) with your test
</error>
    <system-out><![CDATA[15:33:18.320 [main] DEBUG org.springframework.test.context.BootstrapUtils - Instantiating CacheAwareContextLoaderDelegate from class [org.springframework.test.context.cache.DefaultCacheAwareContextLoaderDelegate]
15:33:18.327 [main] DEBUG org.springframework.test.context.BootstrapUtils - Instantiating BootstrapContext using constructor [public org.springframework.test.context.support.DefaultBootstrapContext(java.lang.Class,org.springframework.test.context.CacheAwareContextLoaderDelegate)]
15:33:18.354 [main] DEBUG org.springframework.test.context.BootstrapUtils - Instantiating TestContextBootstrapper for test class [com.example.demo.InventarioAppApplicationTests] from class [org.springframework.boot.test.context.SpringBootTestContextBootstrapper]
15:33:18.364 [main] INFO org.springframework.boot.test.context.SpringBootTestContextBootstrapper - Neither @ContextConfiguration nor @ContextHierarchy found for test class [com.example.demo.InventarioAppApplicationTests], using SpringBootContextLoader
15:33:18.367 [main] DEBUG org.springframework.test.context.support.AbstractContextLoader - Did not detect default resource location for test class [com.example.demo.InventarioAppApplicationTests]: class path resource [com/example/demo/InventarioAppApplicationTests-context.xml] does not exist
15:33:18.367 [main] DEBUG org.springframework.test.context.support.AbstractContextLoader - Did not detect default resource location for test class [com.example.demo.InventarioAppApplicationTests]: class path resource [com/example/demo/InventarioAppApplicationTestsContext.groovy] does not exist
15:33:18.367 [main] INFO org.springframework.test.context.support.AbstractContextLoader - Could not detect default resource locations for test class [com.example.demo.InventarioAppApplicationTests]: no resource found for suffixes {-context.xml, Context.groovy}.
15:33:18.367 [main] INFO org.springframework.test.context.support.AnnotationConfigContextLoaderUtils - Could not detect default configuration classes for test class [com.example.demo.InventarioAppApplicationTests]: InventarioAppApplicationTests does not declare any static, non-private, non-final, nested classes annotated with @Configuration.
15:33:18.399 [main] DEBUG org.springframework.test.context.support.ActiveProfilesUtils - Could not find an 'annotation declaring class' for annotation type [org.springframework.test.context.ActiveProfiles] and class [com.example.demo.InventarioAppApplicationTests]
]]></system-out>
  </testcase>
</testsuite>